<?xml version="1.0" encoding="utf-8"?><testsuites name="pytest tests"><testsuite name="pytest" errors="0" failures="0" skipped="0" tests="19" time="12.682" timestamp="2026-09-24T00:16:07.277696+09:00" hostname="MacBook-Air-3.local"><testcase classname="test_suite.data.test_ingest" name="test_gtfs_service_day_overnight_and_calendar_exceptions" time="0.000" /><testcase classname="test_suite.data.test_ingest" name="test_archive_traversal_and_duplicate_rejected" time="0.004" /><testcase classname="test_suite.data.test_ingest" name="test_fetch_no_implicit_egress_and_frozen_hash" time="0.001" /><testcase classname="test_suite.data.test_ingest" name="test_stable_ids_and_distance" time="0.000" /><testcase classname="test_suite.data.test_ingest" name="test_gtfs_full_small_feed" time="0.002" /><testcase classname="test_suite.data.test_ingest" name="test_real_citypack_sources_and_turns" time="0.131" /><testcase classname="test_suite.data.test_ingest" name="test_osm_import_preserves_oneway_and_no_right_turn" time="0.389" /><testcase classname="test_suite.data.test_ingest" name="test_extended_gtfs_bus_type_is_candidate" time="0.051" /><testcase classname="test_suite.data.test_ingest" name="test_evidence_cases_do_not_invent_hours_or_fire_perimeter" time="0.001" /><testcase classname="test_suite.sumo.test_pipeline_sumo" name="test_cached_simulation_exports_hash_bound_native_artifacts" time="1.267" /><testcase classname="test_suite.sumo.test_sumo" name="test_real_detour_shared_demand_and_seed" time="1.780" /><testcase classname="test_suite.sumo.test_sumo" name="test_unique_corridor_hard_closure_never_crossed_and_unfinished_denominator" time="0.885" /><testcase classname="test_suite.sumo.test_sumo" name="test_explicit_class_exception_and_simultaneous_closures" time="1.845" /><testcase classname="test_suite.sumo.test_sumo" name="test_closure_end_reopens_real_road" time="1.623" /><testcase classname="test_suite.sumo.test_sumo" name="test_invalid_route_is_failed_and_not_published" time="0.552" /><testcase classname="test_suite.sumo.test_sumo" name="test_cancel_kills_subprocess_tree" time="0.550" /><testcase classname="test_suite.sumo.test_sumo" name="test_wallclock_output_limit_and_error_log_fail" time="0.232" /><testcase classname="test_suite.sumo.test_sumo" name="test_real_start_boundary_and_cancel_adapter" time="2.260" /><testcase classname="test_suite.sumo.test_sumo" name="test_imported_turn_allowlist_is_preserved" time="0.892" /></testsuite></testsuites>