<?xml version="1.0" encoding="utf-8"?><testsuites name="pytest tests"><testsuite name="pytest" errors="0" failures="0" skipped="0" tests="207" time="15.764" timestamp="2026-09-24T00:21:58.385899+09:00" hostname="MacBook-Air-3.local"><testcase classname="test_suite.data.test_ingest" name="test_gtfs_service_day_overnight_and_calendar_exceptions" time="0.000" /><testcase classname="test_suite.data.test_ingest" name="test_archive_traversal_and_duplicate_rejected" time="0.003" /><testcase classname="test_suite.data.test_ingest" name="test_fetch_no_implicit_egress_and_frozen_hash" time="0.001" /><testcase classname="test_suite.data.test_ingest" name="test_stable_ids_and_distance" time="0.000" /><testcase classname="test_suite.data.test_ingest" name="test_gtfs_full_small_feed" time="0.002" /><testcase classname="test_suite.data.test_ingest" name="test_real_citypack_sources_and_turns" time="0.142" /><testcase classname="test_suite.data.test_ingest" name="test_osm_import_preserves_oneway_and_no_right_turn" time="0.492" /><testcase classname="test_suite.data.test_ingest" name="test_extended_gtfs_bus_type_is_candidate" time="0.040" /><testcase classname="test_suite.data.test_ingest" name="test_evidence_cases_do_not_invent_hours_or_fire_perimeter" time="0.000" /><testcase classname="test_suite.integration.test_api" name="test_action_run_object_export_end_to_end" time="0.045" /><testcase classname="test_suite.integration.test_api" name="test_failed_model_is_not_fake_pass" time="0.015" /><testcase classname="test_suite.integration.test_api" name="test_auth_origin_host_and_no_arbitrary_crud" time="0.009" /><testcase classname="test_suite.integration.test_api" name="test_idempotency_and_job_isolation" time="0.028" /><testcase classname="test_suite.integration.test_api" name="test_cancel_is_durable" time="0.014" /><testcase classname="test_suite.integration.test_api" name="test_concurrent_stale_actions_only_one_commit" time="0.010" /><testcase classname="test_suite.outcomes.test_evaluation" name="test_oracle_is_independent_and_known_answers" time="0.002" /><testcase classname="test_suite.outcomes.test_evaluation" name="test_group_frozen_split_and_model_label_separation" time="0.072" /><testcase classname="test_suite.outcomes.test_evaluation" name="test_empty_and_short_retrieval_metrics" time="0.000" /><testcase classname="test_suite.outcomes.test_evaluation" name="test_actual_ablation_has_shared_facts_zero_violations_and_deferred_models" time="0.002" /><testcase classname="test_suite.outcomes.test_evaluation" name="test_ontology_mutations_replay_and_benchmark_actual_evidence" time="0.000" /><testcase classname="test_suite.outcomes.test_evaluation" name="test_comparison_cells_and_real_external_smoke_are_scoped" time="0.001" /><testcase classname="test_suite.review.test_object_view_review" name="test_run_object_view_uses_saved_overlay_and_history_after_workspace_edit" time="0.013" /><testcase classname="test_suite.review.test_object_view_review" name="test_static_transit_dependency_stays_visible_but_separate_from_operational_links" time="0.011" /><testcase classname="test_suite.review.test_ontology_graph_review" name="test_imported_citypack_rejects_ambiguous_authoritative_identity[unregistered_source]" time="0.000" /><testcase classname="test_suite.review.test_ontology_graph_review" name="test_imported_citypack_rejects_ambiguous_authoritative_identity[duplicate_source]" time="0.000" /><testcase classname="test_suite.review.test_ontology_graph_review" name="test_imported_citypack_rejects_ambiguous_authoritative_identity[cross_type_id]" time="0.000" /><testcase classname="test_suite.review.test_ontology_graph_review" name="test_project_requires_registered_profile_and_matching_ontology[projection_id-unregistered-profile]" time="0.001" /><testcase classname="test_suite.review.test_ontology_graph_review" name="test_project_requires_registered_profile_and_matching_ontology[ontology_version-999.0.0]" time="0.001" /><testcase classname="test_suite.review.test_ontology_graph_review" name="test_delta_ppr_rejects_different_comparison_context[source_snapshot_hash-ffffffffffffffffffffffffffffffffffffffffffffffffffffffffffffffff]" time="0.001" /><testcase classname="test_suite.review.test_ontology_graph_review" name="test_delta_ppr_rejects_different_comparison_context[analysis_time-2026-05-16T11:00:00+03:00]" time="0.001" /><testcase classname="test_suite.review.test_ontology_graph_review" name="test_delta_ppr_rejects_different_comparison_context[objective-transit_association]" time="0.001" /><testcase classname="test_suite.review.test_ontology_graph_review" name="test_delta_ppr_rejects_different_comparison_context[relation_policy_hash-ffffffffffffffffffffffffffffffffffffffffffffffffffffffffffffffff]" time="0.001" /><testcase classname="test_suite.review.test_ontology_graph_review" name="test_delta_ppr_rejects_different_comparison_context[projection_kind-dependency_evidence]" time="0.001" /><testcase classname="test_suite.review.test_ontology_graph_review" name="test_delta_ppr_rejects_unbound_policy" time="0.001" /><testcase classname="test_suite.review.test_ontology_graph_review" name="test_delta_ppr_verifies_claimed_graph_and_universe_hashes[graph_payload]" time="0.001" /><testcase classname="test_suite.review.test_ontology_graph_review" name="test_delta_ppr_verifies_claimed_graph_and_universe_hashes[node_hash]" time="0.001" /><testcase classname="test_suite.review.test_ontology_graph_review" name="test_current_road_links_intersect_edge_and_turn_vehicle_permissions" time="0.001" /><testcase classname="test_suite.review.test_ontology_graph_review" name="test_witness_search_bounds_pending_paths_not_only_completed_visits" time="0.011" /><testcase classname="test_suite.review.test_ontology_graph_review" name="test_reversed_typed_facility_link_is_rejected" time="0.000" /><testcase classname="test_suite.review.test_ontology_graph_review" name="test_action_failure_after_candidate_does_not_commit_partial_overlay" time="0.002" /><testcase classname="test_suite.review.test_ontology_graph_review" name="test_replay_keeps_snapshot_and_overlay_after_rejected_attempt" time="0.005" /><testcase classname="test_suite.review.test_ontology_graph_review" name="test_ppr_rejects_infinite_tolerance_instead_of_false_convergence" time="0.000" /><testcase classname="test_suite.review.test_ontology_graph_review" name="test_valid_hashes_do_not_replace_projection_type_validation[audit_object]" time="0.002" /><testcase classname="test_suite.review.test_ontology_graph_review" name="test_valid_hashes_do_not_replace_projection_type_validation[typed_direction]" time="0.001" /><testcase classname="test_suite.review.test_ontology_graph_review" name="test_materialized_run_is_bound_to_exact_overlay_and_snapshot" time="0.000" /><testcase classname="test_suite.review.test_ontology_graph_review" name="test_fire_assumption_links_keep_assumed_confidence_and_valid_time" time="0.000" /><testcase classname="test_suite.sumo.test_pipeline_sumo" name="test_cached_simulation_exports_hash_bound_native_artifacts" time="1.098" /><testcase classname="test_suite.sumo.test_sumo" name="test_real_detour_shared_demand_and_seed" time="1.626" /><testcase classname="test_suite.sumo.test_sumo" name="test_unique_corridor_hard_closure_never_crossed_and_unfinished_denominator" time="0.798" /><testcase classname="test_suite.sumo.test_sumo" name="test_explicit_class_exception_and_simultaneous_closures" time="1.627" /><testcase classname="test_suite.sumo.test_sumo" name="test_closure_end_reopens_real_road" time="1.872" /><testcase classname="test_suite.sumo.test_sumo" name="test_invalid_route_is_failed_and_not_published" time="0.560" /><testcase classname="test_suite.sumo.test_sumo" name="test_cancel_kills_subprocess_tree" time="0.553" /><testcase classname="test_suite.sumo.test_sumo" name="test_wallclock_output_limit_and_error_log_fail" time="0.230" /><testcase classname="test_suite.sumo.test_sumo" name="test_real_start_boundary_and_cancel_adapter" time="2.275" /><testcase classname="test_suite.sumo.test_sumo" name="test_imported_turn_allowlist_is_preserved" time="0.835" /><testcase classname="test_suite.unit.test_contracts_actions" name="test_codegen_and_schemas" time="0.011" /><testcase classname="test_suite.unit.test_contracts_actions" name="test_atomic_replay_and_baseline" time="0.007" /><testcase classname="test_suite.unit.test_contracts_actions" name="test_rejected_action_no_partial_mutation" time="0.004" /><testcase classname="test_suite.unit.test_contracts_actions" name="test_llm_confirmation_stale_hash_and_evidence_upgrade" time="0.005" /><testcase classname="test_suite.unit.test_contracts_actions" name="test_snapshot_defensive_copy" time="0.002" /><testcase classname="test_suite.unit.test_contracts_actions" name="test_bad_time_unknown_fields_no_default_fire_radius" time="0.000" /><testcase classname="test_suite.unit.test_contracts_actions" name="test_scenario_and_action_reject_unsupported_ontology_version" time="0.000" /><testcase classname="test_suite.unit.test_graph_ranking" name="test_dense_and_networkx_independent_oracles" time="0.004" /><testcase classname="test_suite.unit.test_graph_ranking" name="test_pair_keeps_closed_assets_and_real_witnesses" time="0.002" /><testcase classname="test_suite.unit.test_graph_ranking" name="test_no_event_delta_zero" time="0.002" /><testcase classname="test_suite.unit.test_graph_ranking" name="test_policy_multi_type_and_single_type_invariance" time="0.002" /><testcase classname="test_suite.unit.test_graph_ranking" name="test_solver_rejects_bad_inputs_and_nonconvergence" time="0.001" /><testcase classname="test_suite.unit.test_graph_ranking" name="test_projection_cannot_admit_audit_objects" time="0.001" /><testcase classname="test_suite.unit.test_graph_ranking" name="test_static_transit_alignment_is_not_a_simulated_operational_route" time="0.001" /><testcase classname="test_suite.unit.test_network" name="test_hand_solved_and_unknown_entrance" time="0.000" /><testcase classname="test_suite.unit.test_network" name="test_unique_bridge_unreachable_is_not_zero_and_direction" time="0.000" /><testcase classname="test_suite.unit.test_network" name="test_half_open_window_and_class" time="0.000" /><testcase classname="test_suite.unit.test_network" name="test_turn_state_not_node_and_no_invented_emergency_permission" time="0.000" /><testcase classname="test_suite.unit.test_network" name="test_parallel_edge_and_planar_crossing_are_not_inferred_connections" time="0.000" /><testcase classname="test_suite.unit.test_network" name="test_all_edge_deletion_pairs_against_independent_oracle" time="0.000" /><testcase classname="test_suite.unit.test_network" name="test_expanded_crop_keeps_outer_detour" time="0.001" /><testcase classname="test_suite.unit.test_network" name="test_transit_geometry_remains_candidate_and_never_delay" time="0.000" /><testcase classname="test_suite.unit.test_network" name="test_verified_route_association_does_not_invent_bus_permission_restriction" time="0.000" /><testcase classname="test_suite.unit.test_system_one" name="test_schema_cache_and_no_raw_city_content" time="0.512" /><testcase classname="test_suite.unit.test_system_one" name="test_reject_invalid_answer[score-1.2]" time="0.001" /><testcase classname="test_suite.unit.test_system_one" name="test_reject_invalid_answer[score-True]" time="0.000" /><testcase classname="test_suite.unit.test_system_one" name="test_reject_invalid_answer[confidence-nan]" time="0.000" /><testcase classname="test_suite.unit.test_system_one" name="test_reject_invalid_answer[confidence--1]" time="0.000" /><testcase classname="test_suite.unit.test_system_one" name="test_reject_invalid_answer[type-choice]" time="0.000" /><testcase classname="test_suite.unit.test_system_one" name="test_reject_invalid_answer[legend-value5]" time="0.001" /><testcase classname="test_suite.unit.test_system_one" name="test_reject_probabilities[probabilities0]" time="0.000" /><testcase classname="test_suite.unit.test_system_one" name="test_reject_probabilities[probabilities1]" time="0.000" /><testcase classname="test_suite.unit.test_system_one" name="test_reject_probabilities[probabilities2]" time="0.000" /><testcase classname="test_suite.unit.test_system_one" name="test_reject_probabilities[probabilities3]" time="0.000" /><testcase classname="test_suite.unit.test_system_one" name="test_reject_probabilities[probabilities4]" time="0.000" /><testcase classname="test_suite.unit.test_system_one" name="test_reject_extra_question_or_free_text" time="0.000" /><testcase classname="test_suite.unit.test_system_one" name="test_reject_bad_endpoint[ftp://localhost]" time="0.000" /><testcase classname="test_suite.unit.test_system_one" name="test_reject_bad_endpoint[http://user:secret@localhost]" time="0.000" /><testcase classname="test_suite.unit.test_system_one" name="test_reject_bad_endpoint[http://localhost/path]" time="0.000" /><testcase classname="test_suite.unit.test_system_one" name="test_reject_bad_endpoint[http://localhost?key=x]" time="0.000" /><testcase classname="test_suite.unit.test_system_one" name="test_reject_bad_endpoint[http://localhost#fragment]" time="0.000" /><testcase classname="test_suite.unit.test_system_one" name="test_reject_bad_endpoint[http://localhost:bad]" time="0.001" /><testcase classname="test_suite.unit.test_system_one" name="test_remote_requires_explicit_permission_and_scope" time="0.000" /><testcase classname="test_suite.unit.test_system_one" name="test_request_privacy_and_limits[relations0-x]" time="0.000" /><testcase classname="test_suite.unit.test_system_one" name="test_request_privacy_and_limits[relations1-]" time="0.000" /><testcase classname="test_suite.unit.test_system_one" name="test_request_privacy_and_limits[relations2-x]" time="0.000" /><testcase classname="test_suite.unit.test_system_one" name="test_request_privacy_and_limits[relations3-x]" time="0.000" /><testcase classname="test_suite.unit.test_system_one" name="test_request_privacy_and_limits[relations4-x]" time="0.000" /><testcase classname="test_suite.unit.test_system_one" name="test_request_privacy_and_limits[relations5-xxxxxxxxxxxxxxxxxxxxxxxxxxxxxxxxxxxxxxxxxxxxxxxxxxxxxxxxxxxxxxxxxxxxxxxxxxxxxxxxxxxxxxxxxxxxxxxxxxxxxxxxxxxxxxxxxxxxxxxxxxxxxxxxxxxxxxxxxxxxxxxxxxxxxxxxxxxxxxxxxxxxxxxxxxxxxxxxxxxxxxxxxxxxxxxxxxxxxxxxxxxxxxxxxxxxxxxxxxxxxxxxxxxxxxxxxxxxxxxxxxxxxxxxxxxxxxxxxxxxxxxxxxxxxxxxxxxxxxxxxxxxxxxxxxxxxxxxxxxxxxxxxxxxxxxxxxxxxxxxxxxxxxxxxxxxxxxxxxxxxxxxxxxxxxxxxxxxxxxxxxxxxxxxxxxxxxxxxxxxxxxxxxxxxxxxxxxxxxxxxxxxxxxxxxxxxxxxxxxxxxxxxxxxxxxxxxxxxxxxxxxxxxxxxxxxxxxxxxxxxxxxxxxxxxxxxxxxxxxxxxxxxxxxxxxxxxxxxxxxxxxxxxxxxxxxx]" time="0.000" /><testcase classname="test_suite.unit.test_system_one" name="test_request_privacy_and_limits[relations6-x]" time="0.000" /><testcase classname="test_suite.unit.test_system_one" name="test_cache_key_covers_objective_semantics_permutations_precision_calibration" time="0.531" /><testcase classname="test_suite.unit.test_system_one" name="test_cache_tampering_rejected" time="0.511" /><testcase classname="test_suite.unit.test_system_one" name="test_redirect_timeout_error_and_size_are_fail_closed" time="0.545" /><testcase classname="test_suite.unit.test_system_one" name="test_wrong_model_and_generated_output_rejected" time="0.524" /><testcase classname="test_suite.unit.test_system_one" name="test_api_schema_cache_budget_and_score_semantics" time="0.015" /><testcase classname="test_suite.unit.test_system_one" name="test_api_no_calls_without_explicit_key_egress_and_budget[override0-CREDENTIALS]" time="0.002" /><testcase classname="test_suite.unit.test_system_one" name="test_api_no_calls_without_explicit_key_egress_and_budget[override1-EGRESS]" time="0.002" /><testcase classname="test_suite.unit.test_system_one" name="test_api_no_calls_without_explicit_key_egress_and_budget[override2-BUDGET]" time="0.001" /><testcase classname="test_suite.unit.test_system_one" name="test_api_failed_attempts_count_and_no_retry" time="0.002" /><testcase classname="test_suite.unit.test_system_one" name="test_api_reject_bad_scores[scores0]" time="0.000" /><testcase classname="test_suite.unit.test_system_one" name="test_api_reject_bad_scores[scores1]" time="0.000" /><testcase classname="test_suite.unit.test_system_one" name="test_api_reject_bad_scores[scores2]" time="0.000" /><testcase classname="test_suite.unit.test_system_one" name="test_api_reject_bad_scores[scores3]" time="0.000" /><testcase classname="test_suite.unit.test_system_one" name="test_api_reject_bad_scores[scores4]" time="0.000" /><testcase classname="test_suite.unit.test_system_one" name="test_api_reject_bad_scores[scores5]" time="0.000" /><testcase classname="test_suite.unit.test_system_one" name="test_api_refusal_truncation_and_free_text_rejected" time="0.000" /><testcase classname="test_suite.unit.test_system_one" name="test_api_endpoint_allowlist" time="0.000" /><testcase classname="test_suite.unit.test_system_one" name="test_literal_env_load_never_executes" time="0.002" /><testcase classname="test_suite.unit.test_system_one" name="test_api_preflight_is_offline" time="0.002" /><testcase classname="test_suite.unit.test_system_one" name="test_empty_env_key_is_reported_as_missing" time="0.001" /><testcase classname="test_suite.unit.test_system_one" name="test_simplejev_demo_schema_cache_and_usage_are_not_billing" time="0.009" /><testcase classname="test_suite.unit.test_system_one" name="test_simplejev_demo_never_sends_production_secret" time="0.002" /><testcase classname="test_suite.unit.test_system_one" name="test_simplejev_paid_requires_key_and_separate_authorization_scope" time="0.002" /><testcase classname="test_suite.unit.test_system_one" name="test_simplejev_no_call_without_authorization[overrides0-EGRESS]" time="0.001" /><testcase classname="test_suite.unit.test_system_one" name="test_simplejev_no_call_without_authorization[overrides1-BUDGET]" time="0.001" /><testcase classname="test_suite.unit.test_system_one" name="test_simplejev_error_counts_and_never_retries" time="0.001" /><testcase classname="test_suite.unit.test_system_one" name="test_simplejev_strict_typed_expectation_and_confidence[score-1.5]" time="0.000" /><testcase classname="test_suite.unit.test_system_one" name="test_simplejev_strict_typed_expectation_and_confidence[confidence-0.61]" time="0.000" /><testcase classname="test_suite.unit.test_system_one" name="test_simplejev_strict_typed_expectation_and_confidence[score-True]" time="0.000" /><testcase classname="test_suite.unit.test_system_one" name="test_simplejev_strict_typed_expectation_and_confidence[confidence-nan]" time="0.000" /><testcase classname="test_suite.unit.test_system_one" name="test_simplejev_strict_typed_expectation_and_confidence[legend-value4]" time="0.000" /><testcase classname="test_suite.unit.test_system_one" name="test_simplejev_strict_typed_expectation_and_confidence[type-choice]" time="0.000" /><testcase classname="test_suite.unit.test_system_one" name="test_simplejev_rejects_ordinary_chat_and_wrong_model" time="0.000" /><testcase classname="test_suite.unit.test_system_one" name="test_simplejev_endpoint_allowlist_and_demo_batch_limit" time="0.000" /><testcase classname="test_suite.unit.test_system_one" name="test_simplejev_cache_binds_ontology_definitions_objective_and_code_version" time="0.003" /><testcase classname="tests.test_reference" name="test_linear_power_networkx_agree" time="0.004" /><testcase classname="tests.test_reference" name="test_seeded_random_graph_oracle[0.0]" time="0.001" /><testcase classname="tests.test_reference" name="test_seeded_random_graph_oracle[0.4]" time="0.001" /><testcase classname="tests.test_reference" name="test_seeded_random_graph_oracle[0.85]" time="0.001" /><testcase classname="tests.test_reference" name="test_seeded_random_graph_oracle[0.95]" time="0.001" /><testcase classname="tests.test_reference" name="test_dangling_and_disconnected_use_same_seed" time="0.001" /><testcase classname="tests.test_reference" name="test_single_node_and_zero_edges" time="0.000" /><testcase classname="tests.test_reference" name="test_invalid_seeds_rejected[seed0]" time="0.000" /><testcase classname="tests.test_reference" name="test_invalid_seeds_rejected[seed1]" time="0.000" /><testcase classname="tests.test_reference" name="test_invalid_seeds_rejected[seed2]" time="0.000" /><testcase classname="tests.test_reference" name="test_invalid_seeds_rejected[seed3]" time="0.000" /><testcase classname="tests.test_reference" name="test_invalid_seeds_rejected[seed4]" time="0.000" /><testcase classname="tests.test_reference" name="test_invalid_alpha_rejected[-0.1]" time="0.000" /><testcase classname="tests.test_reference" name="test_invalid_alpha_rejected[1.0]" time="0.000" /><testcase classname="tests.test_reference" name="test_invalid_alpha_rejected[nan]" time="0.000" /><testcase classname="tests.test_reference" name="test_invalid_alpha_rejected[True]" time="0.000" /><testcase classname="tests.test_reference" name="test_bad_strength_rejected[-1]" time="0.000" /><testcase classname="tests.test_reference" name="test_bad_strength_rejected[nan]" time="0.000" /><testcase classname="tests.test_reference" name="test_bad_strength_rejected[inf]" time="0.000" /><testcase classname="tests.test_reference" name="test_bad_strength_rejected[True]" time="0.000" /><testcase classname="tests.test_reference" name="test_orphan_unknown_type_rejected" time="0.000" /><testcase classname="tests.test_reference" name="test_not_stochastic_rejected" time="0.000" /><testcase classname="tests.test_reference" name="test_nonconvergence_raises_not_pass" time="0.000" /><testcase classname="tests.test_reference" name="test_all_types_uniform_scaling_cancels" time="0.000" /><testcase classname="tests.test_reference" name="test_one_relation_type_policy_cancels" time="0.000" /><testcase classname="tests.test_reference" name="test_multirelation_policy_changes_matrix_and_ranking" time="0.000" /><testcase classname="tests.test_reference" name="test_duplicate_same_destination_not_new_semantic_relation_mass" time="0.000" /><testcase classname="tests.test_reference" name="test_noop_delta_zero_and_sum_zero" time="0.000" /><testcase classname="tests.test_reference" name="test_pair_comparability_enforced[node_universe_hash]" time="0.000" /><testcase classname="tests.test_reference" name="test_pair_comparability_enforced[seed_hash]" time="0.000" /><testcase classname="tests.test_reference" name="test_pair_comparability_enforced[policy_hash]" time="0.000" /><testcase classname="tests.test_reference" name="test_pair_comparability_enforced[alpha]" time="0.000" /><testcase classname="tests.test_reference" name="test_pair_comparability_enforced[normalization]" time="0.000" /><testcase classname="tests.test_reference" name="test_pair_comparability_enforced[citypack_hash]" time="0.000" /><testcase classname="tests.test_reference" name="test_canonical_hash_key_order_invariant" time="0.000" /><testcase classname="tests.test_reference" name="test_halfopen_timezone_window[2026-05-23T17:54:59Z-False]" time="0.000" /><testcase classname="tests.test_reference" name="test_halfopen_timezone_window[2026-05-23T17:55:00Z-True]" time="0.000" /><testcase classname="tests.test_reference" name="test_halfopen_timezone_window[2026-05-23T18:54:59Z-True]" time="0.000" /><testcase classname="tests.test_reference" name="test_halfopen_timezone_window[2026-05-23T18:55:00Z-False]" time="0.000" /><testcase classname="tests.test_reference" name="test_naive_and_reversed_window_rejected" time="0.000" /><testcase classname="tests.test_reference" name="test_route_real_independent_expected_numbers" time="0.000" /><testcase classname="tests.test_reference" name="test_fixed_cost_edge_deletion_monotonic_all_toy_subsets" time="0.000" /><testcase classname="tests.test_reference" name="test_parallel_edges_only_selected_id_blocked" time="0.000" /><testcase classname="tests.test_reference" name="test_bad_road_inputs_rejected" time="0.000" /><testcase classname="tests.test_reference" name="test_restriction_classes_and_unknowns" time="0.000" /><testcase classname="tests.test_system_one_and_pack" name="test_system_one_request_semantics_in_instructions_not_only_key" time="0.000" /><testcase classname="tests.test_system_one_and_pack" name="test_score_is_expected_rubric_level_not_confidence" time="0.000" /><testcase classname="tests.test_system_one_and_pack" name="test_bad_system_one_response_fails_closed[missing_answer]" time="0.000" /><testcase classname="tests.test_system_one_and_pack" name="test_bad_system_one_response_fails_closed[extra_answer]" time="0.000" /><testcase classname="tests.test_system_one_and_pack" name="test_bad_system_one_response_fails_closed[bad_type]" time="0.000" /><testcase classname="tests.test_system_one_and_pack" name="test_bad_system_one_response_fails_closed[bad_score]" time="0.000" /><testcase classname="tests.test_system_one_and_pack" name="test_bad_system_one_response_fails_closed[bad_probs]" time="0.000" /><testcase classname="tests.test_system_one_and_pack" name="test_bad_system_one_response_fails_closed[nan]" time="0.000" /><testcase classname="tests.test_system_one_and_pack" name="test_bad_system_one_response_fails_closed[bad_confidence]" time="0.000" /><testcase classname="tests.test_system_one_and_pack" name="test_bad_system_one_response_fails_closed[bad_legend]" time="0.000" /><testcase classname="tests.test_system_one_and_pack" name="test_endpoint_is_local_by_default_and_remote_requires_optin" time="0.000" /><testcase classname="tests.test_system_one_and_pack" name="test_local_runtime_budget_fails_closed[args0]" time="0.000" /><testcase classname="tests.test_system_one_and_pack" name="test_local_runtime_budget_fails_closed[args1]" time="0.000" /><testcase classname="tests.test_system_one_and_pack" name="test_local_runtime_budget_fails_closed[args2]" time="0.000" /><testcase classname="tests.test_system_one_and_pack" name="test_local_smoke_without_server_blocks_environment_not_external_ai" time="0.087" /><testcase classname="tests.test_system_one_and_pack" name="test_factor_positive_floor_and_one" time="0.000" /><testcase classname="tests.test_system_one_and_pack" name="test_schemas_are_valid_and_synthetic_scenario_passes" time="0.040" /><testcase classname="tests.test_system_one_and_pack" name="test_product_currently_blocked_not_confused_with_reference_tests" time="0.002" /><testcase classname="tests.test_system_one_and_pack" name="test_structural_gate_pass_is_not_claim_of_truth" time="0.002" /><testcase classname="tests.test_system_one_and_pack" name="test_gate_missing_evidence_hash_paths_and_environment_block" time="0.004" /><testcase classname="tests.test_system_one_and_pack" name="test_real_evidence_not_fabricated_into_runnable_case" time="0.001" /></testsuite></testsuites>