<?xml version="1.0" encoding="utf-8"?><testsuites name="pytest tests"><testsuite name="pytest" errors="0" failures="0" skipped="0" tests="66" time="1.903" timestamp="2026-09-23T14:30:20.906463+00:00" hostname="f30db7e1c1b3"><testcase classname="tests.test_reference" name="test_linear_power_networkx_agree" time="0.093" /><testcase classname="tests.test_reference" name="test_seeded_random_graph_oracle[0.0]" time="0.002" /><testcase classname="tests.test_reference" name="test_seeded_random_graph_oracle[0.4]" time="0.002" /><testcase classname="tests.test_reference" name="test_seeded_random_graph_oracle[0.85]" time="0.003" /><testcase classname="tests.test_reference" name="test_seeded_random_graph_oracle[0.95]" time="0.002" /><testcase classname="tests.test_reference" name="test_dangling_and_disconnected_use_same_seed" time="0.002" /><testcase classname="tests.test_reference" name="test_single_node_and_zero_edges" time="0.000" /><testcase classname="tests.test_reference" name="test_invalid_seeds_rejected[seed0]" time="0.000" /><testcase classname="tests.test_reference" name="test_invalid_seeds_rejected[seed1]" time="0.000" /><testcase classname="tests.test_reference" name="test_invalid_seeds_rejected[seed2]" time="0.000" /><testcase classname="tests.test_reference" name="test_invalid_seeds_rejected[seed3]" time="0.000" /><testcase classname="tests.test_reference" name="test_invalid_seeds_rejected[seed4]" time="0.000" /><testcase classname="tests.test_reference" name="test_invalid_alpha_rejected[-0.1]" time="0.001" /><testcase classname="tests.test_reference" name="test_invalid_alpha_rejected[1.0]" time="0.000" /><testcase classname="tests.test_reference" name="test_invalid_alpha_rejected[nan]" time="0.000" /><testcase classname="tests.test_reference" name="test_invalid_alpha_rejected[True]" time="0.000" /><testcase classname="tests.test_reference" name="test_bad_strength_rejected[-1]" time="0.000" /><testcase classname="tests.test_reference" name="test_bad_strength_rejected[nan]" time="0.000" /><testcase classname="tests.test_reference" name="test_bad_strength_rejected[inf]" time="0.000" /><testcase classname="tests.test_reference" name="test_bad_strength_rejected[True]" time="0.000" /><testcase classname="tests.test_reference" name="test_orphan_unknown_type_rejected" time="0.000" /><testcase classname="tests.test_reference" name="test_not_stochastic_rejected" time="0.000" /><testcase classname="tests.test_reference" name="test_nonconvergence_raises_not_pass" time="0.000" /><testcase classname="tests.test_reference" name="test_all_types_uniform_scaling_cancels" time="0.000" /><testcase classname="tests.test_reference" name="test_one_relation_type_policy_cancels" time="0.000" /><testcase classname="tests.test_reference" name="test_multirelation_policy_changes_matrix_and_ranking" time="0.001" /><testcase classname="tests.test_reference" name="test_duplicate_same_destination_not_new_semantic_relation_mass" time="0.000" /><testcase classname="tests.test_reference" name="test_noop_delta_zero_and_sum_zero" time="0.001" /><testcase classname="tests.test_reference" name="test_pair_comparability_enforced[node_universe_hash]" time="0.000" /><testcase classname="tests.test_reference" name="test_pair_comparability_enforced[seed_hash]" time="0.000" /><testcase classname="tests.test_reference" name="test_pair_comparability_enforced[policy_hash]" time="0.000" /><testcase classname="tests.test_reference" name="test_pair_comparability_enforced[alpha]" time="0.001" /><testcase classname="tests.test_reference" name="test_pair_comparability_enforced[normalization]" time="0.000" /><testcase classname="tests.test_reference" name="test_pair_comparability_enforced[citypack_hash]" time="0.000" /><testcase classname="tests.test_reference" name="test_canonical_hash_key_order_invariant" time="0.000" /><testcase classname="tests.test_reference" name="test_halfopen_timezone_window[2026-05-23T17:54:59Z-False]" time="0.000" /><testcase classname="tests.test_reference" name="test_halfopen_timezone_window[2026-05-23T17:55:00Z-True]" time="0.000" /><testcase classname="tests.test_reference" name="test_halfopen_timezone_window[2026-05-23T18:54:59Z-True]" time="0.000" /><testcase classname="tests.test_reference" name="test_halfopen_timezone_window[2026-05-23T18:55:00Z-False]" time="0.000" /><testcase classname="tests.test_reference" name="test_naive_and_reversed_window_rejected" time="0.000" /><testcase classname="tests.test_reference" name="test_route_real_independent_expected_numbers" time="0.000" /><testcase classname="tests.test_reference" name="test_fixed_cost_edge_deletion_monotonic_all_toy_subsets" time="0.006" /><testcase classname="tests.test_reference" name="test_parallel_edges_only_selected_id_blocked" time="0.000" /><testcase classname="tests.test_reference" name="test_bad_road_inputs_rejected" time="0.000" /><testcase classname="tests.test_reference" name="test_restriction_classes_and_unknowns" time="0.000" /><testcase classname="tests.test_system_one_and_pack" name="test_system_one_request_semantics_in_instructions_not_only_key" time="0.000" /><testcase classname="tests.test_system_one_and_pack" name="test_score_is_expected_rubric_level_not_confidence" time="0.000" /><testcase classname="tests.test_system_one_and_pack" name="test_bad_system_one_response_fails_closed[missing_answer]" time="0.001" /><testcase classname="tests.test_system_one_and_pack" name="test_bad_system_one_response_fails_closed[extra_answer]" time="0.000" /><testcase classname="tests.test_system_one_and_pack" name="test_bad_system_one_response_fails_closed[bad_type]" time="0.000" /><testcase classname="tests.test_system_one_and_pack" name="test_bad_system_one_response_fails_closed[bad_score]" time="0.000" /><testcase classname="tests.test_system_one_and_pack" name="test_bad_system_one_response_fails_closed[bad_probs]" time="0.000" /><testcase classname="tests.test_system_one_and_pack" name="test_bad_system_one_response_fails_closed[nan]" time="0.000" /><testcase classname="tests.test_system_one_and_pack" name="test_bad_system_one_response_fails_closed[bad_confidence]" time="0.000" /><testcase classname="tests.test_system_one_and_pack" name="test_bad_system_one_response_fails_closed[bad_legend]" time="0.000" /><testcase classname="tests.test_system_one_and_pack" name="test_endpoint_is_local_by_default_and_remote_requires_optin" time="0.000" /><testcase classname="tests.test_system_one_and_pack" name="test_local_runtime_budget_fails_closed[args0]" time="0.000" /><testcase classname="tests.test_system_one_and_pack" name="test_local_runtime_budget_fails_closed[args1]" time="0.000" /><testcase classname="tests.test_system_one_and_pack" name="test_local_runtime_budget_fails_closed[args2]" time="0.000" /><testcase classname="tests.test_system_one_and_pack" name="test_local_smoke_without_server_blocks_environment_not_external_ai" time="0.701" /><testcase classname="tests.test_system_one_and_pack" name="test_factor_positive_floor_and_one" time="0.000" /><testcase classname="tests.test_system_one_and_pack" name="test_schemas_are_valid_and_synthetic_scenario_passes" time="0.070" /><testcase classname="tests.test_system_one_and_pack" name="test_product_currently_blocked_not_confused_with_reference_tests" time="0.001" /><testcase classname="tests.test_system_one_and_pack" name="test_structural_gate_pass_is_not_claim_of_truth" time="0.003" /><testcase classname="tests.test_system_one_and_pack" name="test_gate_missing_evidence_hash_paths_and_environment_block" time="0.005" /><testcase classname="tests.test_system_one_and_pack" name="test_real_evidence_not_fabricated_into_runnable_case" time="0.000" /></testsuite></testsuites>